<?xml version="1.0" encoding="UTF-8"?>
<testng-results ignored="0" total="2" passed="2" failed="0" skipped="0">
  <reporter-output>
  </reporter-output>
  <suite started-at="2026-01-09T15:34:21 IST" name="Suite" finished-at="2026-01-09T15:34:36 IST" duration-ms="15857">
    <groups>
      <group name="Master">
        <method signature="TC001_AccountRegistrationTest.test_registration()[pri:0, instance:testCase.TC001_AccountRegistrationTest@797cf65c]" name="test_registration" class="testCase.TC001_AccountRegistrationTest"/>
        <method signature="TC002_AccountLoginTest.Test_Login()[pri:0, instance:testCase.TC002_AccountLoginTest@3a12c404]" name="Test_Login" class="testCase.TC002_AccountLoginTest"/>
      </group> <!-- Master -->
      <group name="Sanity">
        <method signature="TC002_AccountLoginTest.Test_Login()[pri:0, instance:testCase.TC002_AccountLoginTest@3a12c404]" name="Test_Login" class="testCase.TC002_AccountLoginTest"/>
      </group> <!-- Sanity -->
      <group name="Regression">
        <method signature="TC001_AccountRegistrationTest.test_registration()[pri:0, instance:testCase.TC001_AccountRegistrationTest@797cf65c]" name="test_registration" class="testCase.TC001_AccountRegistrationTest"/>
      </group> <!-- Regression -->
    </groups>
    <test started-at="2026-01-09T15:34:21 IST" name="Test" finished-at="2026-01-09T15:34:36 IST" duration-ms="15857">
      <class name="testCase.TC002_AccountLoginTest">
        <test-method is-config="true" signature="setup(java.lang.String,java.lang.String)[pri:0, instance:testCase.TC002_AccountLoginTest@3a12c404]" started-at="2026-01-09T15:34:31 IST" name="setup" finished-at="2026-01-09T15:34:34 IST" duration-ms="3159" status="PASS">
          <params>
            <param index="0">
              <value>
                <![CDATA[Windows]]>
              </value>
            </param>
            <param index="1">
              <value>
                <![CDATA[Edge]]>
              </value>
            </param>
          </params>
          <reporter-output>
          </reporter-output>
        </test-method> <!-- setup -->
        <test-method signature="Test_Login()[pri:0, instance:testCase.TC002_AccountLoginTest@3a12c404]" started-at="2026-01-09T15:34:34 IST" name="Test_Login" finished-at="2026-01-09T15:34:36 IST" duration-ms="2110" status="PASS">
          <reporter-output>
          </reporter-output>
        </test-method> <!-- Test_Login -->
        <test-method is-config="true" signature="teardown()[pri:0, instance:testCase.TC002_AccountLoginTest@3a12c404]" started-at="2026-01-09T15:34:36 IST" name="teardown" finished-at="2026-01-09T15:34:36 IST" duration-ms="317" status="PASS">
          <reporter-output>
          </reporter-output>
        </test-method> <!-- teardown -->
      </class> <!-- testCase.TC002_AccountLoginTest -->
      <class name="testCase.TC001_AccountRegistrationTest">
        <test-method is-config="true" signature="setup(java.lang.String,java.lang.String)[pri:0, instance:testCase.TC001_AccountRegistrationTest@797cf65c]" started-at="2026-01-09T15:34:21 IST" name="setup" finished-at="2026-01-09T15:34:26 IST" duration-ms="5230" status="PASS">
          <params>
            <param index="0">
              <value>
                <![CDATA[Windows]]>
              </value>
            </param>
            <param index="1">
              <value>
                <![CDATA[Edge]]>
              </value>
            </param>
          </params>
          <reporter-output>
          </reporter-output>
        </test-method> <!-- setup -->
        <test-method signature="test_registration()[pri:0, instance:testCase.TC001_AccountRegistrationTest@797cf65c]" started-at="2026-01-09T15:34:26 IST" name="test_registration" finished-at="2026-01-09T15:34:30 IST" duration-ms="4154" status="PASS">
          <reporter-output>
          </reporter-output>
        </test-method> <!-- test_registration -->
        <test-method is-config="true" signature="teardown()[pri:0, instance:testCase.TC001_AccountRegistrationTest@797cf65c]" started-at="2026-01-09T15:34:30 IST" name="teardown" finished-at="2026-01-09T15:34:31 IST" duration-ms="363" status="PASS">
          <reporter-output>
          </reporter-output>
        </test-method> <!-- teardown -->
      </class> <!-- testCase.TC001_AccountRegistrationTest -->
    </test> <!-- Test -->
  </suite> <!-- Suite -->
</testng-results>
